[debug] [2023-11-10T02:38:06.459Z] ----------------------------------------------------------------------
[debug] [2023-11-10T02:38:06.463Z] Command:       /home/ec2-user/.nvm/versions/node/v16.20.2/bin/node /home/ec2-user/.nvm/versions/node/v16.20.2/bin/firebase login
[debug] [2023-11-10T02:38:06.463Z] CLI Version:   12.8.1
[debug] [2023-11-10T02:38:06.464Z] Platform:      linux
[debug] [2023-11-10T02:38:06.464Z] Node Version:  v16.20.2
[debug] [2023-11-10T02:38:06.852Z] Time:          Fri Nov 10 2023 02:38:06 GMT+0000 (Coordinated Universal Time)
[debug] [2023-11-10T02:38:06.853Z] ----------------------------------------------------------------------
[debug] 
[debug] [2023-11-10T02:38:06.857Z] >>> [apiv2][query] GET https://firebase-public.firebaseio.com/cli.json [none]
[info] i  Firebase optionally collects CLI and Emulator Suite usage and error reporting information to help improve our products. Data is collected in accordance with Google's privacy policy (https://policies.google.com/privacy) and is not used to identify you.
 
[debug] [2023-11-10T02:38:07.293Z] <<< [apiv2][status] GET https://firebase-public.firebaseio.com/cli.json 200
[debug] [2023-11-10T02:38:07.296Z] <<< [apiv2][body] GET https://firebase-public.firebaseio.com/cli.json {"cloudBuildErrorAfter":1594252800000,"cloudBuildWarnAfter":1590019200000,"defaultNode10After":1594252800000,"minVersion":"3.0.5","node8DeploysDisabledAfter":1613390400000,"node8RuntimeDisabledAfter":1615809600000,"node8WarnAfter":1600128000000}
[info] i  To change your data collection preference at any time, run `firebase logout` and log in again. 
[info] 
[info] Visit this URL on this device to log in:
[info] https://accounts.google.com/o/oauth2/auth?client_id=563584335869-fgrhgmd47bqnekij5i8b5pr03ho849e6.apps.googleusercontent.com&scope=email%20openid%20https%3A%2F%2Fwww.googleapis.com%2Fauth%2Fcloudplatformprojects.readonly%20https%3A%2F%2Fwww.googleapis.com%2Fauth%2Ffirebase%20https%3A%2F%2Fwww.googleapis.com%2Fauth%2Fcloud-platform&response_type=code&state=854768183&redirect_uri=http%3A%2F%2Flocalhost%3A9005
[info] 
[info] Waiting for authentication...
[debug] [2023-11-10T02:41:27.990Z] ----------------------------------------------------------------------
[debug] [2023-11-10T02:41:27.994Z] Command:       /home/ec2-user/.nvm/versions/node/v16.20.2/bin/node /home/ec2-user/.nvm/versions/node/v16.20.2/bin/firebase login
[debug] [2023-11-10T02:41:27.995Z] CLI Version:   12.8.1
[debug] [2023-11-10T02:41:27.995Z] Platform:      linux
[debug] [2023-11-10T02:41:27.995Z] Node Version:  v16.20.2
[debug] [2023-11-10T02:41:28.000Z] Time:          Fri Nov 10 2023 02:41:27 GMT+0000 (Coordinated Universal Time)
[debug] [2023-11-10T02:41:28.000Z] ----------------------------------------------------------------------
[debug] 
[info] i  Firebase optionally collects CLI and Emulator Suite usage and error reporting information to help improve our products. Data is collected in accordance with Google's privacy policy (https://policies.google.com/privacy) and is not used to identify you.
 
[info] 
[info] Visit this URL on this device to log in:
[info] https://accounts.google.com/o/oauth2/auth?client_id=563584335869-fgrhgmd47bqnekij5i8b5pr03ho849e6.apps.googleusercontent.com&scope=email%20openid%20https%3A%2F%2Fwww.googleapis.com%2Fauth%2Fcloudplatformprojects.readonly%20https%3A%2F%2Fwww.googleapis.com%2Fauth%2Ffirebase%20https%3A%2F%2Fwww.googleapis.com%2Fauth%2Fcloud-platform&response_type=code&state=480615674&redirect_uri=http%3A%2F%2Flocalhost%3A9005
[info] 
[info] Waiting for authentication...
